# JRE version: Java(TM) SE Runtime Environment 18.9 (11.0.11+9) (build 11.0.11+9-LTS-194)
# Java VM: Java HotSpot(TM) 64-Bit Server VM 18.9 (11.0.11+9-LTS-194, mixed mode, tiered, compressed oops, g1 gc, windows-amd64)
Heap:
 garbage-first heap   total 262144K, used 12423K [0x0000000701e00000, 0x0000000800000000)
  region size 1024K, 7 young (7168K), 7 survivors (7168K)
 Metaspace       used 33327K, capacity 34484K, committed 34560K, reserved 1097728K
  class space    used 4116K, capacity 4588K, committed 4608K, reserved 1048576K
GC Heap History (10 events):
Event: 1.125 GC heap before
{Heap before GC invocations=0 (full 0):
 garbage-first heap   total 262144K, used 24576K [0x0000000701e00000, 0x0000000800000000)
  region size 1024K, 24 young (24576K), 0 survivors (0K)
 Metaspace       used 15246K, capacity 15639K, committed 15744K, reserved 1062912K
  class space    used 1648K, capacity 1816K, committed 1920K, reserved 1048576K
}
Event: 1.132 GC heap after
{Heap after GC invocations=1 (full 0):
 garbage-first heap   total 262144K, used 5322K [0x0000000701e00000, 0x0000000800000000)
  region size 1024K, 3 young (3072K), 3 survivors (3072K)
 Metaspace       used 15246K, capacity 15639K, committed 15744K, reserved 1062912K
  class space    used 1648K, capacity 1816K, committed 1920K, reserved 1048576K
}
Event: 1.327 GC heap before
{Heap before GC invocations=1 (full 0):
 garbage-first heap   total 262144K, used 14538K [0x0000000701e00000, 0x0000000800000000)
  region size 1024K, 12 young (12288K), 3 survivors (3072K)
 Metaspace       used 17912K, capacity 18488K, committed 18688K, reserved 1064960K
  class space    used 1991K, capacity 2195K, committed 2304K, reserved 1048576K
}
Event: 1.331 GC heap after
{Heap after GC invocations=2 (full 0):
 garbage-first heap   total 262144K, used 6413K [0x0000000701e00000, 0x0000000800000000)
  region size 1024K, 1 young (1024K), 1 survivors (1024K)
 Metaspace       used 17912K, capacity 18488K, committed 18688K, reserved 1064960K
  class space    used 1991K, capacity 2195K, committed 2304K, reserved 1048576K
}
Event: 1.482 GC heap before
{Heap before GC invocations=2 (full 0):
 garbage-first heap   total 262144K, used 17677K [0x0000000701e00000, 0x0000000800000000)
  region size 1024K, 14 young (14336K), 1 survivors (1024K)
 Metaspace       used 20385K, capacity 21072K, committed 21248K, reserved 1067008K
  class space    used 2394K, capacity 2690K, committed 2816K, reserved 1048576K
}
Event: 1.485 GC heap after
{Heap after GC invocations=3 (full 0):
 garbage-first heap   total 262144K, used 7206K [0x0000000701e00000, 0x0000000800000000)
  region size 1024K, 2 young (2048K), 2 survivors (2048K)
 Metaspace       used 20385K, capacity 21072K, committed 21248K, reserved 1067008K
  class space    used 2394K, capacity 2690K, committed 2816K, reserved 1048576K
}
Event: 2.160 GC heap before
{Heap before GC invocations=4 (full 0):
 garbage-first heap   total 262144K, used 59430K [0x0000000701e00000, 0x0000000800000000)
  region size 1024K, 53 young (54272K), 2 survivors (2048K)
 Metaspace       used 28406K, capacity 29396K, committed 29568K, reserved 1075200K
  class space    used 3479K, capacity 3869K, committed 3968K, reserved 1048576K
}
Event: 2.165 GC heap after
{Heap after GC invocations=5 (full 0):
 garbage-first heap   total 262144K, used 9985K [0x0000000701e00000, 0x0000000800000000)
  region size 1024K, 5 young (5120K), 5 survivors (5120K)
 Metaspace       used 28406K, capacity 29396K, committed 29568K, reserved 1075200K
  class space    used 3479K, capacity 3869K, committed 3968K, reserved 1048576K
}
Event: 2.528 GC heap before
{Heap before GC invocations=5 (full 0):
 garbage-first heap   total 262144K, used 37633K [0x0000000701e00000, 0x0000000800000000)
  region size 1024K, 33 young (33792K), 5 survivors (5120K)
 Metaspace       used 33327K, capacity 34484K, committed 34560K, reserved 1095680K
  class space    used 4116K, capacity 4588K, committed 4608K, reserved 1048576K
}
Event: 2.535 GC heap after
{Heap after GC invocations=6 (full 0):
 garbage-first heap   total 262144K, used 12423K [0x0000000701e00000, 0x0000000800000000)
  region size 1024K, 7 young (7168K), 7 survivors (7168K)
 Metaspace       used 33327K, capacity 34484K, committed 34560K, reserved 1095680K
  class space    used 4116K, capacity 4588K, committed 4608K, reserved 1048576K
}

