# JRE version: Java(TM) SE Runtime Environment 18.9 (11.0.11+9) (build 11.0.11+9-LTS-194)
# Java VM: Java HotSpot(TM) 64-Bit Server VM 18.9 (11.0.11+9-LTS-194, mixed mode, tiered, compressed oops, g1 gc, windows-amd64)
Heap:
 garbage-first heap   total 262144K, used 9146K [0x0000000701e00000, 0x0000000800000000)
  region size 1024K, 4 young (4096K), 4 survivors (4096K)
 Metaspace       used 25453K, capacity 26263K, committed 26416K, reserved 1081344K
  class space    used 3001K, capacity 3354K, committed 3456K, reserved 1048576K
GC Heap History (8 events):
Event: 1.168 GC heap before
{Heap before GC invocations=0 (full 0):
 garbage-first heap   total 262144K, used 23552K [0x0000000701e00000, 0x0000000800000000)
  region size 1024K, 24 young (24576K), 0 survivors (0K)
 Metaspace       used 13835K, capacity 14157K, committed 14464K, reserved 1062912K
  class space    used 1432K, capacity 1551K, committed 1664K, reserved 1048576K
}
Event: 1.173 GC heap after
{Heap after GC invocations=1 (full 0):
 garbage-first heap   total 262144K, used 5253K [0x0000000701e00000, 0x0000000800000000)
  region size 1024K, 3 young (3072K), 3 survivors (3072K)
 Metaspace       used 13835K, capacity 14157K, committed 14464K, reserved 1062912K
  class space    used 1432K, capacity 1551K, committed 1664K, reserved 1048576K
}
Event: 1.500 GC heap before
{Heap before GC invocations=1 (full 0):
 garbage-first heap   total 262144K, used 26757K [0x0000000701e00000, 0x0000000800000000)
  region size 1024K, 24 young (24576K), 3 survivors (3072K)
 Metaspace       used 17793K, capacity 18270K, committed 18432K, reserved 1064960K
  class space    used 2002K, capacity 2210K, committed 2304K, reserved 1048576K
}
Event: 1.504 GC heap after
{Heap after GC invocations=2 (full 0):
 garbage-first heap   total 262144K, used 6451K [0x0000000701e00000, 0x0000000800000000)
  region size 1024K, 2 young (2048K), 2 survivors (2048K)
 Metaspace       used 17793K, capacity 18270K, committed 18432K, reserved 1064960K
  class space    used 2002K, capacity 2210K, committed 2304K, reserved 1048576K
}
Event: 1.628 GC heap before
{Heap before GC invocations=2 (full 0):
 garbage-first heap   total 262144K, used 21811K [0x0000000701e00000, 0x0000000800000000)
  region size 1024K, 19 young (19456K), 2 survivors (2048K)
 Metaspace       used 20531K, capacity 21125K, committed 21296K, reserved 1069056K
  class space    used 2345K, capacity 2610K, committed 2688K, reserved 1048576K
}
Event: 1.631 GC heap after
{Heap after GC invocations=3 (full 0):
 garbage-first heap   total 262144K, used 7372K [0x0000000701e00000, 0x0000000800000000)
  region size 1024K, 3 young (3072K), 3 survivors (3072K)
 Metaspace       used 20531K, capacity 21125K, committed 21296K, reserved 1069056K
  class space    used 2345K, capacity 2610K, committed 2688K, reserved 1048576K
}
Event: 1.982 GC heap before
{Heap before GC invocations=4 (full 0):
 garbage-first heap   total 262144K, used 44236K [0x0000000701e00000, 0x0000000800000000)
  region size 1024K, 41 young (41984K), 3 survivors (3072K)
 Metaspace       used 25453K, capacity 26263K, committed 26416K, reserved 1079296K
  class space    used 3001K, capacity 3354K, committed 3456K, reserved 1048576K
}
Event: 1.987 GC heap after
{Heap after GC invocations=5 (full 0):
 garbage-first heap   total 262144K, used 9146K [0x0000000701e00000, 0x0000000800000000)
  region size 1024K, 4 young (4096K), 4 survivors (4096K)
 Metaspace       used 25453K, capacity 26263K, committed 26416K, reserved 1079296K
  class space    used 3001K, capacity 3354K, committed 3456K, reserved 1048576K
}

